app/build/intermediates/manifest_merge_blame_file/debug/manifest-merger-blame-debug-report.txt
1<?xml version="1.0" encoding="utf-8"?>
2<manifest xmlns:android="http://schemas.android.com/apk/res/android"
3    package="edu.csueb.codepath.fitness_tracker"
4    android:versionCode="1"
5    android:versionName="1.0" >
6
7    <uses-sdk
8        android:minSdkVersion="24"
8-->src\main\AndroidManifest.xml
9        android:targetSdkVersion="29" />
9-->src\main\AndroidManifest.xml
10
11    <uses-permission android:name="android.permission.WAKE_LOCK" />
11-->src\main\AndroidManifest.xml:5:5-68
11-->src\main\AndroidManifest.xml:5:22-65
12    <uses-permission android:name="android.permission.ACCESS_COARSE_LOCATION" />
12-->src\main\AndroidManifest.xml:7:5-81
12-->src\main\AndroidManifest.xml:7:22-78
13    <uses-permission android:name="android.permission.ACCESS_NETWORK_STATE" />
13-->src\main\AndroidManifest.xml:8:5-79
13-->src\main\AndroidManifest.xml:8:22-76
14    <uses-permission android:name="android.permission.INTERNET" />
14-->src\main\AndroidManifest.xml:9:5-67
14-->src\main\AndroidManifest.xml:9:22-64
15
16    <application
16-->src\main\AndroidManifest.xml:11:5-33:19
17        android:name="edu.csueb.codepath.fitness_tracker.ParseApplication"
17-->src\main\AndroidManifest.xml:12:9-41
18        android:allowBackup="true"
18-->src\main\AndroidManifest.xml:13:9-35
19        android:appComponentFactory="androidx.core.app.CoreComponentFactory"
19-->[androidx.core:core:1.3.1] AndroidManifest.xml:24:18-86
20        android:debuggable="true"
21        android:extractNativeLibs="false"
22        android:icon="@mipmap/ic_launcher"
22-->src\main\AndroidManifest.xml:14:9-43
23        android:label="@string/app_name"
23-->src\main\AndroidManifest.xml:16:9-41
24        android:roundIcon="@mipmap/ic_launcher_round"
24-->src\main\AndroidManifest.xml:15:9-54
25        android:supportsRtl="true"
25-->src\main\AndroidManifest.xml:17:9-35
26        android:theme="@style/Theme.Fitness_Tracker" >
26-->src\main\AndroidManifest.xml:18:9-53
27        <activity
27-->src\main\AndroidManifest.xml:20:9-23:20
28            android:name="edu.csueb.codepath.fitness_tracker.workout_summary"
28-->src\main\AndroidManifest.xml:21:13-44
29            android:label="@string/title_activity_workout_summary" >
29-->src\main\AndroidManifest.xml:22:13-67
30        </activity>
31        <activity android:name="edu.csueb.codepath.fitness_tracker.SignupActivity" />
31-->src\main\AndroidManifest.xml:24:9-52
31-->src\main\AndroidManifest.xml:24:19-49
32        <activity android:name="edu.csueb.codepath.fitness_tracker.LoginActivity" >
32-->src\main\AndroidManifest.xml:25:9-30:20
32-->src\main\AndroidManifest.xml:25:19-48
33            <intent-filter>
33-->src\main\AndroidManifest.xml:26:13-29:29
34                <action android:name="android.intent.action.MAIN" />
34-->src\main\AndroidManifest.xml:27:17-69
34-->src\main\AndroidManifest.xml:27:25-66
35
36                <category android:name="android.intent.category.LAUNCHER" />
36-->src\main\AndroidManifest.xml:28:17-77
36-->src\main\AndroidManifest.xml:28:27-74
37            </intent-filter>
38        </activity>
39        <activity android:name="edu.csueb.codepath.fitness_tracker.MainActivity" />
39-->src\main\AndroidManifest.xml:31:9-50
39-->src\main\AndroidManifest.xml:31:19-47
40        <activity android:name="edu.csueb.codepath.fitness_tracker.workout_timer" />
40-->src\main\AndroidManifest.xml:32:9-51
40-->src\main\AndroidManifest.xml:32:19-48
41    </application>
42
43</manifest>